<?xml version="1.0" encoding="UTF-8"?>
<testsuite xmlns:xsi="http://www.w3.org/2001/XMLSchema-instance" xsi:noNamespaceSchemaLocation="https://maven.apache.org/surefire/maven-surefire-plugin/xsd/surefire-test-report-3.0.xsd" version="3.0" name="vatServiceTest" time="0.409" tests="4" errors="0" skipped="0" failures="0">
  <properties>
[...]
</properties>
  <testcase name="shouldThrowExceptionWhenVATisLowerThanZERO" classname="vatServiceTest" time="0.388"/>
  <testcase name="shouldReturnGrossPriceWithDefaultVat" classname="vatServiceTest" time="0.004"/>
  <testcase name="shouldThrowExceptionWhenVATisEqualOrBiggerThanONE" classname="vatServiceTest" time="0.002"/>
  <testcase name="shouldReturnGrossPrice4GivenVat" classname="vatServiceTest" time="0.002"/>
</testsuite>