<?xml version="1.0" encoding="UTF-8"?>
<!-- Generated by org.testng.reporters.JUnitXMLReporter -->
<testsuite ignored="0" hostname="DESKTOP-K1TGO4F" failures="0" tests="4" name="Surefire test" time="0.544" errors="0" timestamp="2020-07-28T17:12:04 CEST">
  <testcase classname="vatServiceTest" name="shouldReturnGrossPrice4GivenVat" time="0.014"/>
  <testcase classname="vatServiceTest" name="shouldReturnGrossPriceWithDefaultVat" time="0.001"/>
  <testcase classname="vatServiceTest" name="shouldThrowExceptionWhenVATisEqualOrBiggerThanONE" time="0.005"/>
  <testcase classname="vatServiceTest" name="shouldThrowExceptionWhenVATisLowerThanZERO" time="0.001"/>
</testsuite> <!-- Surefire test -->
